<?xml version="1.0" encoding="utf-8"?><testsuites><testsuite name="pytest" errors="0" failures="0" skipped="0" tests="12" time="0.035" timestamp="2021-06-30T03:17:59.582481" hostname="fv-az272-101"><testcase classname="test_deployments" name="test_application_az_apigateway_base_api_apigateway_apigateway_baseapigatewaytemplate" time="0.001" /><testcase classname="test_deployments" name="test_application_az_computecluster_base_app_computecluster_computecluster_basecomputeclustertemplate" time="0.001" /><testcase classname="test_deployments" name="test_application_az_lambda_base_app_lambda_lambda_baselambdatemplate" time="0.000" /><testcase classname="test_deployments" name="test_application_az_spa_base_app_spa_spa_basespatemplate" time="0.000" /><testcase classname="test_deployments" name="test_baseline_mgmt_baseline_baseline_basebaselinetemplate" time="0.000" /><testcase classname="test_deployments" name="test_segment_az_bastion_base_mgmt_bastion_bastion_basebastiontemplate" time="0.000" /><testcase classname="test_deployments" name="test_segment_az_network_base_mgmt_vnet_network_basenetworktemplate" time="0.000" /><testcase classname="test_deployments" name="test_solution_az_cdn_base_web_cdn_cdn_basecdntemplate" time="0.000" /><testcase classname="test_deployments" name="test_solution_az_db_base_db_database_db_basedbtemplate" time="0.000" /><testcase classname="test_deployments" name="test_solution_az_lb_base_elb_lb_lb_baselbtemplate" time="0.001" /><testcase classname="test_deployments" name="test_solution_az_mysqldb_db_mysqldb_db_mysqldbtemplate" time="0.001" /><testcase classname="test_deployments" name="test_solution_az_s3_base_app_stage_s3_bases3template" time="0.001" /></testsuite></testsuites>