<?xml version="1.0" encoding="utf-8"?><testsuites><testsuite name="pytest" errors="0" failures="0" skipped="0" tests="20" time="11.678" timestamp="2021-06-30T03:12:32.782535" hostname="fv-az272-101"><testcase classname="test_deployments" name="test_aws_apigateway_base_app_apigatewaybase_apigateway_apigatewaybase" time="0.001" /><testcase classname="test_deployments" name="test_aws_bastion_base_mgmt_bastionbase_bastion_bastionbase" time="1.966" /><testcase classname="test_deployments" name="test_aws_computecluster_base_app_computeclusterbase_computecluster_computeclusterbase" time="1.989" /><testcase classname="test_deployments" name="test_aws_datapipeline_base_app_datapipelinebase_datapipeline_datapipelinebasecli" time="0.001" /><testcase classname="test_deployments" name="test_aws_datapipeline_base_app_datapipelinebase_datapipeline_datapipelinebaseconfig" time="0.001" /><testcase classname="test_deployments" name="test_aws_datapipeline_base_app_datapipelinebase_datapipeline_datapipelinebasetemplate" time="0.000" /><testcase classname="test_deployments" name="test_aws_db_postgres_base_db_postgresdbbase_db_postgresdbbase" time="0.001" /><testcase classname="test_deployments" name="test_aws_db_postgres_generated_db_postgresdbgenerated_db_postgresdbgenerated" time="0.001" /><testcase classname="test_deployments" name="test_aws_ec2_base_app_ec2base_ec2_ec2base" time="1.927" /><testcase classname="test_deployments" name="test_aws_ecs_base_app_ecsbase_ecs_ecsbase" time="1.929" /><testcase classname="test_deployments" name="test_aws_filetransfer_base_app_filetransferbase_filetransfer_filetransferbase" time="0.001" /><testcase classname="test_deployments" name="test_aws_healthcheck_complex_base_app_healthcheckcomplexbase_healthcheck_healthcheckcomplexbase" time="1.810" /><testcase classname="test_deployments" name="test_aws_lb_app_https_elb_httpslb_lb_httpslb" time="0.001" /><testcase classname="test_deployments" name="test_aws_lb_app_https_elb_httpslb_lb_validation" time="2.000" /><testcase classname="test_deployments" name="test_aws_mobileapp_base_app_mobileappbase_mobileapp_mobileappbase" time="0.001" /><testcase classname="test_deployments" name="test_aws_queuehost_base_app_queuehostbase_queuehost_queuehostbase" time="0.001" /><testcase classname="test_deployments" name="test_aws_s3_base_app_s3base_s3_s3base" time="0.001" /><testcase classname="test_deployments" name="test_aws_s3_notify_app_s3notify_s3_s3notify" time="0.001" /><testcase classname="test_deployments" name="test_aws_s3_replication_app_s3replicasrc_s3_s3replica" time="0.001" /><testcase classname="test_deployments" name="test_aws_s3_replication_external_app_s3replicasextrc_s3_s3replicaext" time="0.000" /></testsuite></testsuites>