<?xml version="1.0" encoding="utf-8"?><testsuites><testsuite name="pytest" errors="0" failures="0" skipped="0" tests="2" time="0.021" timestamp="2021-06-30T03:03:37.977945" hostname="fv-az272-101"><testcase classname="test_deployments" name="test_shared_contextpath_app_contextpath_internaltest_contextpath" time="0.001" /><testcase classname="test_deployments" name="test_shared_internaltest_base_app_internaltestbase_internaltest_internaltestbase_core" time="0.001" /></testsuite></testsuites>